# JRE version: Java(TM) SE Runtime Environment (25.0.1+8) (build 25.0.1+8-LTS-27)
# Java VM: Java HotSpot(TM) 64-Bit Server VM (25.0.1+8-LTS-27, mixed mode, sharing, tiered, compressed oops, compressed class ptrs, g1 gc, bsd-aarch64)
GC Precious Log:
 CardTable entry size: 512
 Card Set container configuration: InlinePtr #cards 5 size 8 Array Of Cards #cards 10 size 36 Howl #buckets 4 coarsen threshold 1843 Howl Bitmap #cards 512 size 80 coarsen threshold 460 Card regions per heap region 1 cards per card region 2048
 CPUs: 10 total, 10 available
 Memory: 24576M
 Large Page Support: Disabled
 NUMA Support: Disabled
 Compressed Oops: Enabled (Zero based)
 Heap Region Size: 1M
 Heap Min Capacity: 8M
 Heap Initial Capacity: 384M
 Heap Max Capacity: 1G
 Pre-touch: Disabled
 Parallel Workers: 9
 Concurrent Workers: 2
 Concurrent Refinement Workers: 9
 Periodic GC: Disabled
Heap:
 garbage-first heap   total reserved 1048576K, committed 280576K, used 79915K [0x00000007c0000000, 0x0000000800000000)
  region size 1024K, 1 young (1024K), 0 survivors (0K)
GC Heap Usage History (20 events):
Event: 110.073 {heap Before GC invocations=1365 (full 7):
 garbage-first heap   total reserved 1048576K, committed 311296K, used 276783K [0x00000007c0000000, 0x0000000800000000)
  region size 1024K, 182 young (186368K), 1 survivors (1024K)
}
Event: 110.074 {heap After GC invocations=1366 (full 7):
 garbage-first heap   total reserved 1048576K, committed 311296K, used 91675K [0x00000007c0000000, 0x0000000800000000)
  region size 1024K, 1 young (1024K), 1 survivors (1024K)
}
Event: 110.156 {heap Before GC invocations=1366 (full 7):
 garbage-first heap   total reserved 1048576K, committed 311296K, used 277019K [0x00000007c0000000, 0x0000000800000000)
  region size 1024K, 182 young (186368K), 1 survivors (1024K)
}
Event: 110.157 {heap After GC invocations=1367 (full 7):
 garbage-first heap   total reserved 1048576K, committed 311296K, used 91472K [0x00000007c0000000, 0x0000000800000000)
  region size 1024K, 1 young (1024K), 1 survivors (1024K)
}
Event: 110.243 {heap Before GC invocations=1367 (full 7):
 garbage-first heap   total reserved 1048576K, committed 311296K, used 276816K [0x00000007c0000000, 0x0000000800000000)
  region size 1024K, 182 young (186368K), 1 survivors (1024K)
}
Event: 110.243 {heap After GC invocations=1368 (full 7):
 garbage-first heap   total reserved 1048576K, committed 311296K, used 91522K [0x00000007c0000000, 0x0000000800000000)
  region size 1024K, 1 young (1024K), 1 survivors (1024K)
}
Event: 110.331 {heap Before GC invocations=1368 (full 7):
 garbage-first heap   total reserved 1048576K, committed 311296K, used 276866K [0x00000007c0000000, 0x0000000800000000)
  region size 1024K, 182 young (186368K), 1 survivors (1024K)
}
Event: 110.332 {heap After GC invocations=1369 (full 7):
 garbage-first heap   total reserved 1048576K, committed 311296K, used 91494K [0x00000007c0000000, 0x0000000800000000)
  region size 1024K, 1 young (1024K), 1 survivors (1024K)
}
Event: 110.417 {heap Before GC invocations=1369 (full 7):
 garbage-first heap   total reserved 1048576K, committed 311296K, used 276838K [0x00000007c0000000, 0x0000000800000000)
  region size 1024K, 182 young (186368K), 1 survivors (1024K)
}
Event: 110.417 {heap After GC invocations=1370 (full 7):
 garbage-first heap   total reserved 1048576K, committed 311296K, used 91485K [0x00000007c0000000, 0x0000000800000000)
  region size 1024K, 1 young (1024K), 1 survivors (1024K)
}
Event: 110.505 {heap Before GC invocations=1370 (full 7):
 garbage-first heap   total reserved 1048576K, committed 311296K, used 276829K [0x00000007c0000000, 0x0000000800000000)
  region size 1024K, 182 young (186368K), 1 survivors (1024K)
}
Event: 110.505 {heap After GC invocations=1371 (full 7):
 garbage-first heap   total reserved 1048576K, committed 311296K, used 91473K [0x00000007c0000000, 0x0000000800000000)
  region size 1024K, 1 young (1024K), 1 survivors (1024K)
}
Event: 110.591 {heap Before GC invocations=1371 (full 7):
 garbage-first heap   total reserved 1048576K, committed 311296K, used 276817K [0x00000007c0000000, 0x0000000800000000)
  region size 1024K, 182 young (186368K), 1 survivors (1024K)
}
Event: 110.592 {heap After GC invocations=1372 (full 7):
 garbage-first heap   total reserved 1048576K, committed 311296K, used 91504K [0x00000007c0000000, 0x0000000800000000)
  region size 1024K, 1 young (1024K), 1 survivors (1024K)
}
Event: 110.679 {heap Before GC invocations=1372 (full 7):
 garbage-first heap   total reserved 1048576K, committed 311296K, used 276848K [0x00000007c0000000, 0x0000000800000000)
  region size 1024K, 182 young (186368K), 1 survivors (1024K)
}
Event: 110.680 {heap After GC invocations=1373 (full 7):
 garbage-first heap   total reserved 1048576K, committed 311296K, used 91946K [0x00000007c0000000, 0x0000000800000000)
  region size 1024K, 1 young (1024K), 1 survivors (1024K)
}
Event: 110.751 {heap Before GC invocations=1373 (full 7):
 garbage-first heap   total reserved 1048576K, committed 311296K, used 277290K [0x00000007c0000000, 0x0000000800000000)
  region size 1024K, 182 young (186368K), 1 survivors (1024K)
}
Event: 110.752 {heap After GC invocations=1374 (full 7):
 garbage-first heap   total reserved 1048576K, committed 311296K, used 91464K [0x00000007c0000000, 0x0000000800000000)
  region size 1024K, 1 young (1024K), 1 survivors (1024K)
}
Event: 118.107 {heap Before GC invocations=1374 (full 7):
 garbage-first heap   total reserved 1048576K, committed 311296K, used 239944K [0x00000007c0000000, 0x0000000800000000)
  region size 1024K, 147 young (150528K), 1 survivors (1024K)
}
Event: 118.128 {heap After GC invocations=1375 (full 8):
 garbage-first heap   total reserved 1048576K, committed 280576K, used 79915K [0x00000007c0000000, 0x0000000800000000)
  region size 1024K, 0 young (0K), 0 survivors (0K)
}

