# JRE version: Java(TM) SE Runtime Environment (25.0.1+8) (build 25.0.1+8-LTS-27)
# Java VM: Java HotSpot(TM) 64-Bit Server VM (25.0.1+8-LTS-27, mixed mode, sharing, tiered, compressed oops, compressed class ptrs, g1 gc, bsd-aarch64)
GC Precious Log:
 CardTable entry size: 512
 Card Set container configuration: InlinePtr #cards 5 size 8 Array Of Cards #cards 10 size 36 Howl #buckets 4 coarsen threshold 1843 Howl Bitmap #cards 512 size 80 coarsen threshold 460 Card regions per heap region 1 cards per card region 2048
 CPUs: 10 total, 10 available
 Memory: 24576M
 Large Page Support: Disabled
 NUMA Support: Disabled
 Compressed Oops: Enabled (Zero based)
 Heap Region Size: 1M
 Heap Min Capacity: 8M
 Heap Initial Capacity: 384M
 Heap Max Capacity: 1G
 Pre-touch: Disabled
 Parallel Workers: 9
 Concurrent Workers: 2
 Concurrent Refinement Workers: 9
 Periodic GC: Disabled
Heap:
 garbage-first heap   total reserved 1048576K, committed 276480K, used 101392K [0x00000007c0000000, 0x0000000800000000)
  region size 1024K, 23 young (23552K), 1 survivors (1024K)
GC Heap Usage History (20 events):
Event: 353.884 {heap Before GC invocations=922 (full 16):
 garbage-first heap   total reserved 1048576K, committed 276480K, used 244767K [0x00000007c0000000, 0x0000000800000000)
  region size 1024K, 162 young (165888K), 1 survivors (1024K)
}
Event: 353.885 {heap After GC invocations=923 (full 16):
 garbage-first heap   total reserved 1048576K, committed 276480K, used 79895K [0x00000007c0000000, 0x0000000800000000)
  region size 1024K, 1 young (1024K), 1 survivors (1024K)
}
Event: 354.022 {heap Before GC invocations=923 (full 16):
 garbage-first heap   total reserved 1048576K, committed 276480K, used 244759K [0x00000007c0000000, 0x0000000800000000)
  region size 1024K, 162 young (165888K), 1 survivors (1024K)
}
Event: 354.023 {heap After GC invocations=924 (full 16):
 garbage-first heap   total reserved 1048576K, committed 276480K, used 79905K [0x00000007c0000000, 0x0000000800000000)
  region size 1024K, 1 young (1024K), 1 survivors (1024K)
}
Event: 354.133 {heap Before GC invocations=924 (full 16):
 garbage-first heap   total reserved 1048576K, committed 276480K, used 244769K [0x00000007c0000000, 0x0000000800000000)
  region size 1024K, 162 young (165888K), 1 survivors (1024K)
}
Event: 354.133 {heap After GC invocations=925 (full 16):
 garbage-first heap   total reserved 1048576K, committed 276480K, used 79919K [0x00000007c0000000, 0x0000000800000000)
  region size 1024K, 1 young (1024K), 1 survivors (1024K)
}
Event: 354.242 {heap Before GC invocations=925 (full 16):
 garbage-first heap   total reserved 1048576K, committed 276480K, used 244783K [0x00000007c0000000, 0x0000000800000000)
  region size 1024K, 162 young (165888K), 1 survivors (1024K)
}
Event: 354.242 {heap After GC invocations=926 (full 16):
 garbage-first heap   total reserved 1048576K, committed 276480K, used 79911K [0x00000007c0000000, 0x0000000800000000)
  region size 1024K, 1 young (1024K), 1 survivors (1024K)
}
Event: 354.352 {heap Before GC invocations=926 (full 16):
 garbage-first heap   total reserved 1048576K, committed 276480K, used 244775K [0x00000007c0000000, 0x0000000800000000)
  region size 1024K, 162 young (165888K), 1 survivors (1024K)
}
Event: 354.353 {heap After GC invocations=927 (full 16):
 garbage-first heap   total reserved 1048576K, committed 276480K, used 79931K [0x00000007c0000000, 0x0000000800000000)
  region size 1024K, 1 young (1024K), 1 survivors (1024K)
}
Event: 354.461 {heap Before GC invocations=927 (full 16):
 garbage-first heap   total reserved 1048576K, committed 276480K, used 244795K [0x00000007c0000000, 0x0000000800000000)
  region size 1024K, 162 young (165888K), 1 survivors (1024K)
}
Event: 354.462 {heap After GC invocations=928 (full 16):
 garbage-first heap   total reserved 1048576K, committed 276480K, used 79899K [0x00000007c0000000, 0x0000000800000000)
  region size 1024K, 1 young (1024K), 1 survivors (1024K)
}
Event: 354.571 {heap Before GC invocations=928 (full 16):
 garbage-first heap   total reserved 1048576K, committed 276480K, used 244763K [0x00000007c0000000, 0x0000000800000000)
  region size 1024K, 162 young (165888K), 1 survivors (1024K)
}
Event: 354.572 {heap After GC invocations=929 (full 16):
 garbage-first heap   total reserved 1048576K, committed 276480K, used 79907K [0x00000007c0000000, 0x0000000800000000)
  region size 1024K, 1 young (1024K), 1 survivors (1024K)
}
Event: 354.681 {heap Before GC invocations=929 (full 16):
 garbage-first heap   total reserved 1048576K, committed 276480K, used 244771K [0x00000007c0000000, 0x0000000800000000)
  region size 1024K, 162 young (165888K), 1 survivors (1024K)
}
Event: 354.681 {heap After GC invocations=930 (full 16):
 garbage-first heap   total reserved 1048576K, committed 276480K, used 79925K [0x00000007c0000000, 0x0000000800000000)
  region size 1024K, 1 young (1024K), 1 survivors (1024K)
}
Event: 354.788 {heap Before GC invocations=930 (full 16):
 garbage-first heap   total reserved 1048576K, committed 276480K, used 244789K [0x00000007c0000000, 0x0000000800000000)
  region size 1024K, 162 young (165888K), 1 survivors (1024K)
}
Event: 354.788 {heap After GC invocations=931 (full 16):
 garbage-first heap   total reserved 1048576K, committed 276480K, used 79899K [0x00000007c0000000, 0x0000000800000000)
  region size 1024K, 1 young (1024K), 1 survivors (1024K)
}
Event: 354.897 {heap Before GC invocations=931 (full 16):
 garbage-first heap   total reserved 1048576K, committed 276480K, used 244763K [0x00000007c0000000, 0x0000000800000000)
  region size 1024K, 162 young (165888K), 1 survivors (1024K)
}
Event: 354.897 {heap After GC invocations=932 (full 16):
 garbage-first heap   total reserved 1048576K, committed 276480K, used 79888K [0x00000007c0000000, 0x0000000800000000)
  region size 1024K, 1 young (1024K), 1 survivors (1024K)
}

