# JRE version: Java(TM) SE Runtime Environment (25.0.1+8) (build 25.0.1+8-LTS-27)
# Java VM: Java HotSpot(TM) 64-Bit Server VM (25.0.1+8-LTS-27, mixed mode, sharing, tiered, compressed oops, compressed class ptrs, g1 gc, bsd-aarch64)
GC Precious Log:
 CardTable entry size: 512
 Card Set container configuration: InlinePtr #cards 5 size 8 Array Of Cards #cards 10 size 36 Howl #buckets 4 coarsen threshold 1843 Howl Bitmap #cards 512 size 80 coarsen threshold 460 Card regions per heap region 1 cards per card region 2048
 CPUs: 10 total, 10 available
 Memory: 24576M
 Large Page Support: Disabled
 NUMA Support: Disabled
 Compressed Oops: Enabled (Zero based)
 Heap Region Size: 1M
 Heap Min Capacity: 8M
 Heap Initial Capacity: 384M
 Heap Max Capacity: 1G
 Pre-touch: Disabled
 Parallel Workers: 9
 Concurrent Workers: 2
 Concurrent Refinement Workers: 9
 Periodic GC: Disabled
Heap:
 garbage-first heap   total reserved 1048576K, committed 314368K, used 183848K [0x00000007c0000000, 0x0000000800000000)
  region size 1024K, 94 young (96256K), 1 survivors (1024K)
GC Heap Usage History (20 events):
Event: 1110.930 {heap Before GC invocations=2908 (full 15):
 garbage-first heap   total reserved 1048576K, committed 314368K, used 277198K [0x00000007c0000000, 0x0000000800000000)
  region size 1024K, 184 young (188416K), 1 survivors (1024K)
}
Event: 1110.930 {heap After GC invocations=2909 (full 15):
 garbage-first heap   total reserved 1048576K, committed 314368K, used 89479K [0x00000007c0000000, 0x0000000800000000)
  region size 1024K, 1 young (1024K), 1 survivors (1024K)
}
Event: 1111.026 {heap Before GC invocations=2909 (full 15):
 garbage-first heap   total reserved 1048576K, committed 314368K, used 276871K [0x00000007c0000000, 0x0000000800000000)
  region size 1024K, 184 young (188416K), 1 survivors (1024K)
}
Event: 1111.026 {heap After GC invocations=2910 (full 15):
 garbage-first heap   total reserved 1048576K, committed 314368K, used 89423K [0x00000007c0000000, 0x0000000800000000)
  region size 1024K, 1 young (1024K), 1 survivors (1024K)
}
Event: 1111.130 {heap Before GC invocations=2910 (full 15):
 garbage-first heap   total reserved 1048576K, committed 314368K, used 276815K [0x00000007c0000000, 0x0000000800000000)
  region size 1024K, 184 young (188416K), 1 survivors (1024K)
}
Event: 1111.130 {heap After GC invocations=2911 (full 15):
 garbage-first heap   total reserved 1048576K, committed 314368K, used 89493K [0x00000007c0000000, 0x0000000800000000)
  region size 1024K, 1 young (1024K), 1 survivors (1024K)
}
Event: 1111.230 {heap Before GC invocations=2911 (full 15):
 garbage-first heap   total reserved 1048576K, committed 314368K, used 276885K [0x00000007c0000000, 0x0000000800000000)
  region size 1024K, 184 young (188416K), 1 survivors (1024K)
}
Event: 1111.231 {heap After GC invocations=2912 (full 15):
 garbage-first heap   total reserved 1048576K, committed 314368K, used 89456K [0x00000007c0000000, 0x0000000800000000)
  region size 1024K, 1 young (1024K), 1 survivors (1024K)
}
Event: 1111.336 {heap Before GC invocations=2912 (full 15):
 garbage-first heap   total reserved 1048576K, committed 314368K, used 276848K [0x00000007c0000000, 0x0000000800000000)
  region size 1024K, 184 young (188416K), 1 survivors (1024K)
}
Event: 1111.337 {heap After GC invocations=2913 (full 15):
 garbage-first heap   total reserved 1048576K, committed 314368K, used 89406K [0x00000007c0000000, 0x0000000800000000)
  region size 1024K, 1 young (1024K), 1 survivors (1024K)
}
Event: 1111.442 {heap Before GC invocations=2913 (full 15):
 garbage-first heap   total reserved 1048576K, committed 314368K, used 276798K [0x00000007c0000000, 0x0000000800000000)
  region size 1024K, 184 young (188416K), 1 survivors (1024K)
}
Event: 1111.442 {heap After GC invocations=2914 (full 15):
 garbage-first heap   total reserved 1048576K, committed 314368K, used 89397K [0x00000007c0000000, 0x0000000800000000)
  region size 1024K, 1 young (1024K), 1 survivors (1024K)
}
Event: 1111.544 {heap Before GC invocations=2914 (full 15):
 garbage-first heap   total reserved 1048576K, committed 314368K, used 276789K [0x00000007c0000000, 0x0000000800000000)
  region size 1024K, 184 young (188416K), 1 survivors (1024K)
}
Event: 1111.544 {heap After GC invocations=2915 (full 15):
 garbage-first heap   total reserved 1048576K, committed 314368K, used 89452K [0x00000007c0000000, 0x0000000800000000)
  region size 1024K, 1 young (1024K), 1 survivors (1024K)
}
Event: 1111.649 {heap Before GC invocations=2915 (full 15):
 garbage-first heap   total reserved 1048576K, committed 314368K, used 276844K [0x00000007c0000000, 0x0000000800000000)
  region size 1024K, 184 young (188416K), 1 survivors (1024K)
}
Event: 1111.650 {heap After GC invocations=2916 (full 15):
 garbage-first heap   total reserved 1048576K, committed 314368K, used 89490K [0x00000007c0000000, 0x0000000800000000)
  region size 1024K, 1 young (1024K), 1 survivors (1024K)
}
Event: 1111.753 {heap Before GC invocations=2916 (full 15):
 garbage-first heap   total reserved 1048576K, committed 314368K, used 276882K [0x00000007c0000000, 0x0000000800000000)
  region size 1024K, 184 young (188416K), 1 survivors (1024K)
}
Event: 1111.754 {heap After GC invocations=2917 (full 15):
 garbage-first heap   total reserved 1048576K, committed 314368K, used 90019K [0x00000007c0000000, 0x0000000800000000)
  region size 1024K, 1 young (1024K), 1 survivors (1024K)
}
Event: 1111.856 {heap Before GC invocations=2917 (full 15):
 garbage-first heap   total reserved 1048576K, committed 314368K, used 277411K [0x00000007c0000000, 0x0000000800000000)
  region size 1024K, 184 young (188416K), 1 survivors (1024K)
}
Event: 1111.856 {heap After GC invocations=2918 (full 15):
 garbage-first heap   total reserved 1048576K, committed 314368K, used 89640K [0x00000007c0000000, 0x0000000800000000)
  region size 1024K, 1 young (1024K), 1 survivors (1024K)
}

