# JRE version: Java(TM) SE Runtime Environment (25.0.1+8) (build 25.0.1+8-LTS-27)
# Java VM: Java HotSpot(TM) 64-Bit Server VM (25.0.1+8-LTS-27, mixed mode, sharing, tiered, compressed oops, compressed class ptrs, g1 gc, bsd-aarch64)
GC Precious Log:
 CardTable entry size: 512
 Card Set container configuration: InlinePtr #cards 5 size 8 Array Of Cards #cards 10 size 36 Howl #buckets 4 coarsen threshold 1843 Howl Bitmap #cards 512 size 80 coarsen threshold 460 Card regions per heap region 1 cards per card region 2048
 CPUs: 10 total, 10 available
 Memory: 24576M
 Large Page Support: Disabled
 NUMA Support: Disabled
 Compressed Oops: Enabled (Zero based)
 Heap Region Size: 1M
 Heap Min Capacity: 8M
 Heap Initial Capacity: 384M
 Heap Max Capacity: 1G
 Pre-touch: Disabled
 Parallel Workers: 9
 Concurrent Workers: 2
 Concurrent Refinement Workers: 9
 Periodic GC: Disabled
Heap:
 garbage-first heap   total reserved 1048576K, committed 245760K, used 179804K [0x00000007c0000000, 0x0000000800000000)
  region size 1024K, 100 young (102400K), 1 survivors (1024K)
GC Heap Usage History (20 events):
Event: 1064.082 {heap Before GC invocations=566 (full 15):
 garbage-first heap   total reserved 1048576K, committed 245760K, used 225898K [0x00000007c0000000, 0x0000000800000000)
  region size 1024K, 144 young (147456K), 1 survivors (1024K)
}
Event: 1064.083 {heap After GC invocations=567 (full 15):
 garbage-first heap   total reserved 1048576K, committed 245760K, used 79454K [0x00000007c0000000, 0x0000000800000000)
  region size 1024K, 1 young (1024K), 1 survivors (1024K)
}
Event: 1064.193 {heap Before GC invocations=567 (full 15):
 garbage-first heap   total reserved 1048576K, committed 245760K, used 225886K [0x00000007c0000000, 0x0000000800000000)
  region size 1024K, 144 young (147456K), 1 survivors (1024K)
}
Event: 1064.193 {heap After GC invocations=568 (full 15):
 garbage-first heap   total reserved 1048576K, committed 245760K, used 79460K [0x00000007c0000000, 0x0000000800000000)
  region size 1024K, 1 young (1024K), 1 survivors (1024K)
}
Event: 1064.278 {heap Before GC invocations=568 (full 15):
 garbage-first heap   total reserved 1048576K, committed 245760K, used 225892K [0x00000007c0000000, 0x0000000800000000)
  region size 1024K, 144 young (147456K), 1 survivors (1024K)
}
Event: 1064.279 {heap After GC invocations=569 (full 15):
 garbage-first heap   total reserved 1048576K, committed 245760K, used 79458K [0x00000007c0000000, 0x0000000800000000)
  region size 1024K, 1 young (1024K), 1 survivors (1024K)
}
Event: 1064.363 {heap Before GC invocations=569 (full 15):
 garbage-first heap   total reserved 1048576K, committed 245760K, used 225890K [0x00000007c0000000, 0x0000000800000000)
  region size 1024K, 144 young (147456K), 1 survivors (1024K)
}
Event: 1064.363 {heap After GC invocations=570 (full 15):
 garbage-first heap   total reserved 1048576K, committed 245760K, used 79454K [0x00000007c0000000, 0x0000000800000000)
  region size 1024K, 1 young (1024K), 1 survivors (1024K)
}
Event: 1064.450 {heap Before GC invocations=570 (full 15):
 garbage-first heap   total reserved 1048576K, committed 245760K, used 225886K [0x00000007c0000000, 0x0000000800000000)
  region size 1024K, 144 young (147456K), 1 survivors (1024K)
}
Event: 1064.450 {heap After GC invocations=571 (full 15):
 garbage-first heap   total reserved 1048576K, committed 245760K, used 79466K [0x00000007c0000000, 0x0000000800000000)
  region size 1024K, 1 young (1024K), 1 survivors (1024K)
}
Event: 1064.536 {heap Before GC invocations=571 (full 15):
 garbage-first heap   total reserved 1048576K, committed 245760K, used 225898K [0x00000007c0000000, 0x0000000800000000)
  region size 1024K, 144 young (147456K), 1 survivors (1024K)
}
Event: 1064.536 {heap After GC invocations=572 (full 15):
 garbage-first heap   total reserved 1048576K, committed 245760K, used 79493K [0x00000007c0000000, 0x0000000800000000)
  region size 1024K, 1 young (1024K), 1 survivors (1024K)
}
Event: 1064.622 {heap Before GC invocations=572 (full 15):
 garbage-first heap   total reserved 1048576K, committed 245760K, used 225925K [0x00000007c0000000, 0x0000000800000000)
  region size 1024K, 144 young (147456K), 1 survivors (1024K)
}
Event: 1064.623 {heap After GC invocations=573 (full 15):
 garbage-first heap   total reserved 1048576K, committed 245760K, used 79462K [0x00000007c0000000, 0x0000000800000000)
  region size 1024K, 1 young (1024K), 1 survivors (1024K)
}
Event: 1064.706 {heap Before GC invocations=573 (full 15):
 garbage-first heap   total reserved 1048576K, committed 245760K, used 225894K [0x00000007c0000000, 0x0000000800000000)
  region size 1024K, 144 young (147456K), 1 survivors (1024K)
}
Event: 1064.707 {heap After GC invocations=574 (full 15):
 garbage-first heap   total reserved 1048576K, committed 245760K, used 79456K [0x00000007c0000000, 0x0000000800000000)
  region size 1024K, 1 young (1024K), 1 survivors (1024K)
}
Event: 1064.791 {heap Before GC invocations=574 (full 15):
 garbage-first heap   total reserved 1048576K, committed 245760K, used 225888K [0x00000007c0000000, 0x0000000800000000)
  region size 1024K, 144 young (147456K), 1 survivors (1024K)
}
Event: 1064.792 {heap After GC invocations=575 (full 15):
 garbage-first heap   total reserved 1048576K, committed 245760K, used 79485K [0x00000007c0000000, 0x0000000800000000)
  region size 1024K, 1 young (1024K), 1 survivors (1024K)
}
Event: 1064.875 {heap Before GC invocations=575 (full 15):
 garbage-first heap   total reserved 1048576K, committed 245760K, used 225917K [0x00000007c0000000, 0x0000000800000000)
  region size 1024K, 144 young (147456K), 1 survivors (1024K)
}
Event: 1064.875 {heap After GC invocations=576 (full 15):
 garbage-first heap   total reserved 1048576K, committed 245760K, used 79452K [0x00000007c0000000, 0x0000000800000000)
  region size 1024K, 1 young (1024K), 1 survivors (1024K)
}

