# JRE version: Java(TM) SE Runtime Environment (25.0.1+8) (build 25.0.1+8-LTS-27)
# Java VM: Java HotSpot(TM) 64-Bit Server VM (25.0.1+8-LTS-27, mixed mode, sharing, tiered, compressed oops, compressed class ptrs, g1 gc, bsd-aarch64)
GC Precious Log:
 CardTable entry size: 512
 Card Set container configuration: InlinePtr #cards 5 size 8 Array Of Cards #cards 10 size 36 Howl #buckets 4 coarsen threshold 1843 Howl Bitmap #cards 512 size 80 coarsen threshold 460 Card regions per heap region 1 cards per card region 2048
 CPUs: 10 total, 10 available
 Memory: 24576M
 Large Page Support: Disabled
 NUMA Support: Disabled
 Compressed Oops: Enabled (Zero based)
 Heap Region Size: 1M
 Heap Min Capacity: 8M
 Heap Initial Capacity: 384M
 Heap Max Capacity: 1G
 Pre-touch: Disabled
 Parallel Workers: 9
 Concurrent Workers: 2
 Concurrent Refinement Workers: 9
 Periodic GC: Disabled
Heap:
 garbage-first heap   total reserved 1048576K, committed 286720K, used 224253K [0x00000007c0000000, 0x0000000800000000)
  region size 1024K, 143 young (146432K), 1 survivors (1024K)
GC Heap Usage History (20 events):
Event: 53.916 {heap Before GC invocations=470 (full 4):
 garbage-first heap   total reserved 1048576K, committed 286720K, used 250883K [0x00000007c0000000, 0x0000000800000000)
  region size 1024K, 168 young (172032K), 1 survivors (1024K)
}
Event: 53.916 {heap After GC invocations=471 (full 4):
 garbage-first heap   total reserved 1048576K, committed 286720K, used 79877K [0x00000007c0000000, 0x0000000800000000)
  region size 1024K, 1 young (1024K), 1 survivors (1024K)
}
Event: 54.016 {heap Before GC invocations=471 (full 4):
 garbage-first heap   total reserved 1048576K, committed 286720K, used 250885K [0x00000007c0000000, 0x0000000800000000)
  region size 1024K, 168 young (172032K), 1 survivors (1024K)
}
Event: 54.016 {heap After GC invocations=472 (full 4):
 garbage-first heap   total reserved 1048576K, committed 286720K, used 79883K [0x00000007c0000000, 0x0000000800000000)
  region size 1024K, 1 young (1024K), 1 survivors (1024K)
}
Event: 54.115 {heap Before GC invocations=472 (full 4):
 garbage-first heap   total reserved 1048576K, committed 286720K, used 250891K [0x00000007c0000000, 0x0000000800000000)
  region size 1024K, 168 young (172032K), 1 survivors (1024K)
}
Event: 54.116 {heap After GC invocations=473 (full 4):
 garbage-first heap   total reserved 1048576K, committed 286720K, used 79877K [0x00000007c0000000, 0x0000000800000000)
  region size 1024K, 1 young (1024K), 1 survivors (1024K)
}
Event: 54.214 {heap Before GC invocations=473 (full 4):
 garbage-first heap   total reserved 1048576K, committed 286720K, used 250885K [0x00000007c0000000, 0x0000000800000000)
  region size 1024K, 168 young (172032K), 1 survivors (1024K)
}
Event: 54.214 {heap After GC invocations=474 (full 4):
 garbage-first heap   total reserved 1048576K, committed 286720K, used 79861K [0x00000007c0000000, 0x0000000800000000)
  region size 1024K, 1 young (1024K), 1 survivors (1024K)
}
Event: 54.312 {heap Before GC invocations=474 (full 4):
 garbage-first heap   total reserved 1048576K, committed 286720K, used 250869K [0x00000007c0000000, 0x0000000800000000)
  region size 1024K, 168 young (172032K), 1 survivors (1024K)
}
Event: 54.312 {heap After GC invocations=475 (full 4):
 garbage-first heap   total reserved 1048576K, committed 286720K, used 79873K [0x00000007c0000000, 0x0000000800000000)
  region size 1024K, 1 young (1024K), 1 survivors (1024K)
}
Event: 54.412 {heap Before GC invocations=475 (full 4):
 garbage-first heap   total reserved 1048576K, committed 286720K, used 250881K [0x00000007c0000000, 0x0000000800000000)
  region size 1024K, 168 young (172032K), 1 survivors (1024K)
}
Event: 54.412 {heap After GC invocations=476 (full 4):
 garbage-first heap   total reserved 1048576K, committed 286720K, used 79865K [0x00000007c0000000, 0x0000000800000000)
  region size 1024K, 1 young (1024K), 1 survivors (1024K)
}
Event: 54.513 {heap Before GC invocations=476 (full 4):
 garbage-first heap   total reserved 1048576K, committed 286720K, used 250873K [0x00000007c0000000, 0x0000000800000000)
  region size 1024K, 168 young (172032K), 1 survivors (1024K)
}
Event: 54.513 {heap After GC invocations=477 (full 4):
 garbage-first heap   total reserved 1048576K, committed 286720K, used 79863K [0x00000007c0000000, 0x0000000800000000)
  region size 1024K, 1 young (1024K), 1 survivors (1024K)
}
Event: 54.637 {heap Before GC invocations=477 (full 4):
 garbage-first heap   total reserved 1048576K, committed 286720K, used 250871K [0x00000007c0000000, 0x0000000800000000)
  region size 1024K, 168 young (172032K), 1 survivors (1024K)
}
Event: 54.637 {heap After GC invocations=478 (full 4):
 garbage-first heap   total reserved 1048576K, committed 286720K, used 79869K [0x00000007c0000000, 0x0000000800000000)
  region size 1024K, 1 young (1024K), 1 survivors (1024K)
}
Event: 54.775 {heap Before GC invocations=478 (full 4):
 garbage-first heap   total reserved 1048576K, committed 286720K, used 250877K [0x00000007c0000000, 0x0000000800000000)
  region size 1024K, 168 young (172032K), 1 survivors (1024K)
}
Event: 54.775 {heap After GC invocations=479 (full 4):
 garbage-first heap   total reserved 1048576K, committed 286720K, used 79869K [0x00000007c0000000, 0x0000000800000000)
  region size 1024K, 1 young (1024K), 1 survivors (1024K)
}
Event: 54.911 {heap Before GC invocations=479 (full 4):
 garbage-first heap   total reserved 1048576K, committed 286720K, used 250877K [0x00000007c0000000, 0x0000000800000000)
  region size 1024K, 168 young (172032K), 1 survivors (1024K)
}
Event: 54.912 {heap After GC invocations=480 (full 4):
 garbage-first heap   total reserved 1048576K, committed 286720K, used 79869K [0x00000007c0000000, 0x0000000800000000)
  region size 1024K, 1 young (1024K), 1 survivors (1024K)
}

