# JRE version: Java(TM) SE Runtime Environment (25.0.1+8) (build 25.0.1+8-LTS-27)
# Java VM: Java HotSpot(TM) 64-Bit Server VM (25.0.1+8-LTS-27, mixed mode, sharing, tiered, compressed oops, compressed class ptrs, g1 gc, bsd-aarch64)
GC Precious Log:
 CardTable entry size: 512
 Card Set container configuration: InlinePtr #cards 5 size 8 Array Of Cards #cards 10 size 36 Howl #buckets 4 coarsen threshold 1843 Howl Bitmap #cards 512 size 80 coarsen threshold 460 Card regions per heap region 1 cards per card region 2048
 CPUs: 10 total, 10 available
 Memory: 24576M
 Large Page Support: Disabled
 NUMA Support: Disabled
 Compressed Oops: Enabled (Zero based)
 Heap Region Size: 1M
 Heap Min Capacity: 8M
 Heap Initial Capacity: 384M
 Heap Max Capacity: 1G
 Pre-touch: Disabled
 Parallel Workers: 9
 Concurrent Workers: 2
 Concurrent Refinement Workers: 9
 Periodic GC: Disabled
Heap:
 garbage-first heap   total reserved 1048576K, committed 249856K, used 214289K [0x00000007c0000000, 0x0000000800000000)
  region size 1024K, 127 young (130048K), 1 survivors (1024K)
GC Heap Usage History (20 events):
Event: 12.162 {heap Before GC invocations=153 (full 6):
 garbage-first heap   total reserved 1048576K, committed 249856K, used 231685K [0x00000007c0000000, 0x0000000800000000)
  region size 1024K, 143 young (146432K), 1 survivors (1024K)
}
Event: 12.163 {heap After GC invocations=154 (full 6):
 garbage-first heap   total reserved 1048576K, committed 249856K, used 86275K [0x00000007c0000000, 0x0000000800000000)
  region size 1024K, 1 young (1024K), 1 survivors (1024K)
}
Event: 12.239 {heap Before GC invocations=154 (full 6):
 garbage-first heap   total reserved 1048576K, committed 249856K, used 231683K [0x00000007c0000000, 0x0000000800000000)
  region size 1024K, 143 young (146432K), 1 survivors (1024K)
}
Event: 12.239 {heap After GC invocations=155 (full 6):
 garbage-first heap   total reserved 1048576K, committed 249856K, used 86265K [0x00000007c0000000, 0x0000000800000000)
  region size 1024K, 1 young (1024K), 1 survivors (1024K)
}
Event: 12.323 {heap Before GC invocations=155 (full 6):
 garbage-first heap   total reserved 1048576K, committed 249856K, used 231673K [0x00000007c0000000, 0x0000000800000000)
  region size 1024K, 143 young (146432K), 1 survivors (1024K)
}
Event: 12.323 {heap After GC invocations=156 (full 6):
 garbage-first heap   total reserved 1048576K, committed 249856K, used 86269K [0x00000007c0000000, 0x0000000800000000)
  region size 1024K, 1 young (1024K), 1 survivors (1024K)
}
Event: 12.413 {heap Before GC invocations=156 (full 6):
 garbage-first heap   total reserved 1048576K, committed 249856K, used 231677K [0x00000007c0000000, 0x0000000800000000)
  region size 1024K, 143 young (146432K), 1 survivors (1024K)
}
Event: 12.413 {heap After GC invocations=157 (full 6):
 garbage-first heap   total reserved 1048576K, committed 249856K, used 86279K [0x00000007c0000000, 0x0000000800000000)
  region size 1024K, 1 young (1024K), 1 survivors (1024K)
}
Event: 12.502 {heap Before GC invocations=157 (full 6):
 garbage-first heap   total reserved 1048576K, committed 249856K, used 231687K [0x00000007c0000000, 0x0000000800000000)
  region size 1024K, 143 young (146432K), 1 survivors (1024K)
}
Event: 12.503 {heap After GC invocations=158 (full 6):
 garbage-first heap   total reserved 1048576K, committed 249856K, used 86271K [0x00000007c0000000, 0x0000000800000000)
  region size 1024K, 1 young (1024K), 1 survivors (1024K)
}
Event: 12.588 {heap Before GC invocations=158 (full 6):
 garbage-first heap   total reserved 1048576K, committed 249856K, used 231679K [0x00000007c0000000, 0x0000000800000000)
  region size 1024K, 143 young (146432K), 1 survivors (1024K)
}
Event: 12.589 {heap After GC invocations=159 (full 6):
 garbage-first heap   total reserved 1048576K, committed 249856K, used 86265K [0x00000007c0000000, 0x0000000800000000)
  region size 1024K, 1 young (1024K), 1 survivors (1024K)
}
Event: 12.673 {heap Before GC invocations=159 (full 6):
 garbage-first heap   total reserved 1048576K, committed 249856K, used 231673K [0x00000007c0000000, 0x0000000800000000)
  region size 1024K, 143 young (146432K), 1 survivors (1024K)
}
Event: 12.673 {heap After GC invocations=160 (full 6):
 garbage-first heap   total reserved 1048576K, committed 249856K, used 86267K [0x00000007c0000000, 0x0000000800000000)
  region size 1024K, 1 young (1024K), 1 survivors (1024K)
}
Event: 12.757 {heap Before GC invocations=160 (full 6):
 garbage-first heap   total reserved 1048576K, committed 249856K, used 231675K [0x00000007c0000000, 0x0000000800000000)
  region size 1024K, 143 young (146432K), 1 survivors (1024K)
}
Event: 12.758 {heap After GC invocations=161 (full 6):
 garbage-first heap   total reserved 1048576K, committed 249856K, used 86265K [0x00000007c0000000, 0x0000000800000000)
  region size 1024K, 1 young (1024K), 1 survivors (1024K)
}
Event: 12.834 {heap Before GC invocations=161 (full 6):
 garbage-first heap   total reserved 1048576K, committed 249856K, used 231673K [0x00000007c0000000, 0x0000000800000000)
  region size 1024K, 143 young (146432K), 1 survivors (1024K)
}
Event: 12.834 {heap After GC invocations=162 (full 6):
 garbage-first heap   total reserved 1048576K, committed 249856K, used 86300K [0x00000007c0000000, 0x0000000800000000)
  region size 1024K, 1 young (1024K), 1 survivors (1024K)
}
Event: 12.905 {heap Before GC invocations=162 (full 6):
 garbage-first heap   total reserved 1048576K, committed 249856K, used 231708K [0x00000007c0000000, 0x0000000800000000)
  region size 1024K, 143 young (146432K), 1 survivors (1024K)
}
Event: 12.905 {heap After GC invocations=163 (full 6):
 garbage-first heap   total reserved 1048576K, committed 249856K, used 86289K [0x00000007c0000000, 0x0000000800000000)
  region size 1024K, 1 young (1024K), 1 survivors (1024K)
}

