# JRE version: Java(TM) SE Runtime Environment (25.0.1+8) (build 25.0.1+8-LTS-27)
# Java VM: Java HotSpot(TM) 64-Bit Server VM (25.0.1+8-LTS-27, mixed mode, sharing, tiered, compressed oops, compressed class ptrs, g1 gc, bsd-aarch64)
GC Precious Log:
 CardTable entry size: 512
 Card Set container configuration: InlinePtr #cards 5 size 8 Array Of Cards #cards 10 size 36 Howl #buckets 4 coarsen threshold 1843 Howl Bitmap #cards 512 size 80 coarsen threshold 460 Card regions per heap region 1 cards per card region 2048
 CPUs: 10 total, 10 available
 Memory: 24576M
 Large Page Support: Disabled
 NUMA Support: Disabled
 Compressed Oops: Enabled (Zero based)
 Heap Region Size: 1M
 Heap Min Capacity: 8M
 Heap Initial Capacity: 384M
 Heap Max Capacity: 1G
 Pre-touch: Disabled
 Parallel Workers: 9
 Concurrent Workers: 2
 Concurrent Refinement Workers: 9
 Periodic GC: Disabled
Heap:
 garbage-first heap   total reserved 1048576K, committed 235520K, used 165409K [0x00000007c0000000, 0x0000000800000000)
  region size 1024K, 88 young (90112K), 0 survivors (0K)
GC Heap Usage History (20 events):
Event: 242.004 {heap Before GC invocations=20 (full 9):
 garbage-first heap   total reserved 1048576K, committed 227328K, used 46634K [0x00000007c0000000, 0x0000000800000000)
  region size 1024K, 18 young (18432K), 3 survivors (3072K)
}
Event: 242.012 {heap After GC invocations=21 (full 10):
 garbage-first heap   total reserved 1048576K, committed 92160K, used 24695K [0x00000007c0000000, 0x0000000800000000)
  region size 1024K, 0 young (0K), 0 survivors (0K)
}
Event: 242.034 {heap Before GC invocations=21 (full 10):
 garbage-first heap   total reserved 1048576K, committed 92160K, used 67703K [0x00000007c0000000, 0x0000000800000000)
  region size 1024K, 42 young (43008K), 0 survivors (0K)
}
Event: 242.036 {heap After GC invocations=22 (full 10):
 garbage-first heap   total reserved 1048576K, committed 92160K, used 29580K [0x00000007c0000000, 0x0000000800000000)
  region size 1024K, 5 young (5120K), 5 survivors (5120K)
}
Event: 242.042 {heap Before GC invocations=22 (full 10):
 garbage-first heap   total reserved 1048576K, committed 92160K, used 43916K [0x00000007c0000000, 0x0000000800000000)
  region size 1024K, 20 young (20480K), 5 survivors (5120K)
}
Event: 242.058 {heap After GC invocations=23 (full 11):
 garbage-first heap   total reserved 1048576K, committed 92160K, used 29929K [0x00000007c0000000, 0x0000000800000000)
  region size 1024K, 0 young (0K), 0 survivors (0K)
}
Event: 242.115 {heap Before GC invocations=23 (full 11):
 garbage-first heap   total reserved 1048576K, committed 92160K, used 76009K [0x00000007c0000000, 0x0000000800000000)
  region size 1024K, 38 young (38912K), 0 survivors (0K)
}
Event: 242.122 {heap After GC invocations=24 (full 11):
 garbage-first heap   total reserved 1048576K, committed 92160K, used 47066K [0x00000007c0000000, 0x0000000800000000)
  region size 1024K, 5 young (5120K), 5 survivors (5120K)
}
Event: 242.128 {heap Before GC invocations=24 (full 11):
 garbage-first heap   total reserved 1048576K, committed 92160K, used 51162K [0x00000007c0000000, 0x0000000800000000)
  region size 1024K, 10 young (10240K), 5 survivors (5120K)
}
Event: 242.131 {heap After GC invocations=25 (full 11):
 garbage-first heap   total reserved 1048576K, committed 92160K, used 48845K [0x00000007c0000000, 0x0000000800000000)
  region size 1024K, 2 young (2048K), 2 survivors (2048K)
}
Event: 242.230 {heap Before GC invocations=26 (full 11):
 garbage-first heap   total reserved 1048576K, committed 92160K, used 76493K [0x00000007c0000000, 0x0000000800000000)
  region size 1024K, 27 young (27648K), 2 survivors (2048K)
}
Event: 242.237 {heap After GC invocations=27 (full 11):
 garbage-first heap   total reserved 1048576K, committed 92160K, used 55970K [0x00000007c0000000, 0x0000000800000000)
  region size 1024K, 4 young (4096K), 4 survivors (4096K)
}
Event: 242.269 {heap Before GC invocations=27 (full 11):
 garbage-first heap   total reserved 1048576K, committed 92160K, used 76450K [0x00000007c0000000, 0x0000000800000000)
  region size 1024K, 24 young (24576K), 4 survivors (4096K)
}
Event: 242.300 {heap After GC invocations=28 (full 11):
 garbage-first heap   total reserved 1048576K, committed 242688K, used 60360K [0x00000007c0000000, 0x0000000800000000)
  region size 1024K, 3 young (3072K), 3 survivors (3072K)
}
Event: 242.548 {heap Before GC invocations=28 (full 11):
 garbage-first heap   total reserved 1048576K, committed 242688K, used 178120K [0x00000007c0000000, 0x0000000800000000)
  region size 1024K, 118 young (120832K), 3 survivors (3072K)
}
Event: 242.561 {heap After GC invocations=29 (full 11):
 garbage-first heap   total reserved 1048576K, committed 242688K, used 75397K [0x00000007c0000000, 0x0000000800000000)
  region size 1024K, 15 young (15360K), 15 survivors (15360K)
}
Event: 242.608 {heap Before GC invocations=29 (full 11):
 garbage-first heap   total reserved 1048576K, committed 242688K, used 169605K [0x00000007c0000000, 0x0000000800000000)
  region size 1024K, 108 young (110592K), 15 survivors (15360K)
}
Event: 242.651 {heap After GC invocations=30 (full 12):
 garbage-first heap   total reserved 1048576K, committed 235520K, used 67203K [0x00000007c0000000, 0x0000000800000000)
  region size 1024K, 0 young (0K), 0 survivors (0K)
}
Event: 242.684 {heap Before GC invocations=30 (full 12):
 garbage-first heap   total reserved 1048576K, committed 235520K, used 145027K [0x00000007c0000000, 0x0000000800000000)
  region size 1024K, 77 young (78848K), 0 survivors (0K)
}
Event: 242.712 {heap After GC invocations=31 (full 13):
 garbage-first heap   total reserved 1048576K, committed 235520K, used 76321K [0x00000007c0000000, 0x0000000800000000)
  region size 1024K, 0 young (0K), 0 survivors (0K)
}

