# JRE version: Java(TM) SE Runtime Environment (25.0.1+8) (build 25.0.1+8-LTS-27)
# Java VM: Java HotSpot(TM) 64-Bit Server VM (25.0.1+8-LTS-27, mixed mode, sharing, tiered, compressed oops, compressed class ptrs, g1 gc, bsd-aarch64)
GC Precious Log:
 CardTable entry size: 512
 Card Set container configuration: InlinePtr #cards 5 size 8 Array Of Cards #cards 10 size 36 Howl #buckets 4 coarsen threshold 1843 Howl Bitmap #cards 512 size 80 coarsen threshold 460 Card regions per heap region 1 cards per card region 2048
 CPUs: 10 total, 10 available
 Memory: 24576M
 Large Page Support: Disabled
 NUMA Support: Disabled
 Compressed Oops: Enabled (Zero based)
 Heap Region Size: 1M
 Heap Min Capacity: 8M
 Heap Initial Capacity: 384M
 Heap Max Capacity: 1G
 Pre-touch: Disabled
 Parallel Workers: 9
 Concurrent Workers: 2
 Concurrent Refinement Workers: 9
 Periodic GC: Disabled
Heap:
 garbage-first heap   total reserved 1048576K, committed 24576K, used 6317K [0x00000007c0000000, 0x0000000800000000)
  region size 1024K, 1 young (1024K), 0 survivors (0K)
GC Heap Usage History (18 events):
Event: 595.897 {heap Before GC invocations=0 (full 0):
 garbage-first heap   total reserved 1048576K, committed 395264K, used 48257K [0x00000007c0000000, 0x0000000800000000)
  region size 1024K, 47 young (48128K), 0 survivors (0K)
}
Event: 595.918 {heap After GC invocations=1 (full 1):
 garbage-first heap   total reserved 1048576K, committed 34816K, used 6317K [0x00000007c0000000, 0x0000000800000000)
  region size 1024K, 0 young (0K), 0 survivors (0K)
}
Event: 595.942 {heap Before GC invocations=1 (full 1):
 garbage-first heap   total reserved 1048576K, committed 34816K, used 6317K [0x00000007c0000000, 0x0000000800000000)
  region size 1024K, 1 young (1024K), 0 survivors (0K)
}
Event: 595.945 {heap After GC invocations=2 (full 2):
 garbage-first heap   total reserved 1048576K, committed 24576K, used 6317K [0x00000007c0000000, 0x0000000800000000)
  region size 1024K, 0 young (0K), 0 survivors (0K)
}
Event: 676.534 {heap Before GC invocations=2 (full 2):
 garbage-first heap   total reserved 1048576K, committed 24576K, used 6317K [0x00000007c0000000, 0x0000000800000000)
  region size 1024K, 1 young (1024K), 0 survivors (0K)
}
Event: 676.537 {heap After GC invocations=3 (full 3):
 garbage-first heap   total reserved 1048576K, committed 24576K, used 6317K [0x00000007c0000000, 0x0000000800000000)
  region size 1024K, 0 young (0K), 0 survivors (0K)
}
Event: 676.693 {heap Before GC invocations=3 (full 3):
 garbage-first heap   total reserved 1048576K, committed 24576K, used 6317K [0x00000007c0000000, 0x0000000800000000)
  region size 1024K, 1 young (1024K), 0 survivors (0K)
}
Event: 676.695 {heap After GC invocations=4 (full 4):
 garbage-first heap   total reserved 1048576K, committed 24576K, used 6317K [0x00000007c0000000, 0x0000000800000000)
  region size 1024K, 0 young (0K), 0 survivors (0K)
}
Event: 677.133 {heap Before GC invocations=4 (full 4):
 garbage-first heap   total reserved 1048576K, committed 24576K, used 6317K [0x00000007c0000000, 0x0000000800000000)
  region size 1024K, 1 young (1024K), 0 survivors (0K)
}
Event: 677.136 {heap After GC invocations=5 (full 5):
 garbage-first heap   total reserved 1048576K, committed 24576K, used 6317K [0x00000007c0000000, 0x0000000800000000)
  region size 1024K, 0 young (0K), 0 survivors (0K)
}
Event: 677.303 {heap Before GC invocations=5 (full 5):
 garbage-first heap   total reserved 1048576K, committed 24576K, used 6317K [0x00000007c0000000, 0x0000000800000000)
  region size 1024K, 1 young (1024K), 0 survivors (0K)
}
Event: 677.306 {heap After GC invocations=6 (full 6):
 garbage-first heap   total reserved 1048576K, committed 24576K, used 6317K [0x00000007c0000000, 0x0000000800000000)
  region size 1024K, 0 young (0K), 0 survivors (0K)
}
Event: 677.629 {heap Before GC invocations=6 (full 6):
 garbage-first heap   total reserved 1048576K, committed 24576K, used 6317K [0x00000007c0000000, 0x0000000800000000)
  region size 1024K, 1 young (1024K), 0 survivors (0K)
}
Event: 677.632 {heap After GC invocations=7 (full 7):
 garbage-first heap   total reserved 1048576K, committed 24576K, used 6317K [0x00000007c0000000, 0x0000000800000000)
  region size 1024K, 0 young (0K), 0 survivors (0K)
}
Event: 730.355 {heap Before GC invocations=7 (full 7):
 garbage-first heap   total reserved 1048576K, committed 24576K, used 6317K [0x00000007c0000000, 0x0000000800000000)
  region size 1024K, 1 young (1024K), 0 survivors (0K)
}
Event: 730.359 {heap After GC invocations=8 (full 8):
 garbage-first heap   total reserved 1048576K, committed 24576K, used 6317K [0x00000007c0000000, 0x0000000800000000)
  region size 1024K, 0 young (0K), 0 survivors (0K)
}
Event: 730.405 {heap Before GC invocations=8 (full 8):
 garbage-first heap   total reserved 1048576K, committed 24576K, used 6317K [0x00000007c0000000, 0x0000000800000000)
  region size 1024K, 1 young (1024K), 0 survivors (0K)
}
Event: 730.408 {heap After GC invocations=9 (full 9):
 garbage-first heap   total reserved 1048576K, committed 24576K, used 6317K [0x00000007c0000000, 0x0000000800000000)
  region size 1024K, 0 young (0K), 0 survivors (0K)
}

