# JRE version: Java(TM) SE Runtime Environment (25.0.1+8) (build 25.0.1+8-LTS-27)
# Java VM: Java HotSpot(TM) 64-Bit Server VM (25.0.1+8-LTS-27, mixed mode, sharing, tiered, compressed oops, compressed class ptrs, g1 gc, bsd-aarch64)
GC Precious Log:
 CardTable entry size: 512
 Card Set container configuration: InlinePtr #cards 5 size 8 Array Of Cards #cards 10 size 36 Howl #buckets 4 coarsen threshold 1843 Howl Bitmap #cards 512 size 80 coarsen threshold 460 Card regions per heap region 1 cards per card region 2048
 CPUs: 10 total, 10 available
 Memory: 24576M
 Large Page Support: Disabled
 NUMA Support: Disabled
 Compressed Oops: Enabled (Zero based)
 Heap Region Size: 1M
 Heap Min Capacity: 8M
 Heap Initial Capacity: 384M
 Heap Max Capacity: 1G
 Pre-touch: Disabled
 Parallel Workers: 9
 Concurrent Workers: 2
 Concurrent Refinement Workers: 9
 Periodic GC: Disabled
Heap:
 garbage-first heap   total reserved 1048576K, committed 280576K, used 93360K [0x00000007c0000000, 0x0000000800000000)
  region size 1024K, 15 young (15360K), 1 survivors (1024K)
GC Heap Usage History (20 events):
Event: 53.800 {heap Before GC invocations=489 (full 6):
 garbage-first heap   total reserved 1048576K, committed 280576K, used 246952K [0x00000007c0000000, 0x0000000800000000)
  region size 1024K, 164 young (167936K), 1 survivors (1024K)
}
Event: 53.800 {heap After GC invocations=490 (full 6):
 garbage-first heap   total reserved 1048576K, committed 280576K, used 80042K [0x00000007c0000000, 0x0000000800000000)
  region size 1024K, 1 young (1024K), 1 survivors (1024K)
}
Event: 53.901 {heap Before GC invocations=490 (full 6):
 garbage-first heap   total reserved 1048576K, committed 280576K, used 246954K [0x00000007c0000000, 0x0000000800000000)
  region size 1024K, 164 young (167936K), 1 survivors (1024K)
}
Event: 53.901 {heap After GC invocations=491 (full 6):
 garbage-first heap   total reserved 1048576K, committed 280576K, used 80048K [0x00000007c0000000, 0x0000000800000000)
  region size 1024K, 1 young (1024K), 1 survivors (1024K)
}
Event: 53.999 {heap Before GC invocations=491 (full 6):
 garbage-first heap   total reserved 1048576K, committed 280576K, used 246960K [0x00000007c0000000, 0x0000000800000000)
  region size 1024K, 164 young (167936K), 1 survivors (1024K)
}
Event: 54.000 {heap After GC invocations=492 (full 6):
 garbage-first heap   total reserved 1048576K, committed 280576K, used 80050K [0x00000007c0000000, 0x0000000800000000)
  region size 1024K, 1 young (1024K), 1 survivors (1024K)
}
Event: 54.100 {heap Before GC invocations=492 (full 6):
 garbage-first heap   total reserved 1048576K, committed 280576K, used 246962K [0x00000007c0000000, 0x0000000800000000)
  region size 1024K, 164 young (167936K), 1 survivors (1024K)
}
Event: 54.100 {heap After GC invocations=493 (full 6):
 garbage-first heap   total reserved 1048576K, committed 280576K, used 80044K [0x00000007c0000000, 0x0000000800000000)
  region size 1024K, 1 young (1024K), 1 survivors (1024K)
}
Event: 54.202 {heap Before GC invocations=493 (full 6):
 garbage-first heap   total reserved 1048576K, committed 280576K, used 246956K [0x00000007c0000000, 0x0000000800000000)
  region size 1024K, 164 young (167936K), 1 survivors (1024K)
}
Event: 54.202 {heap After GC invocations=494 (full 6):
 garbage-first heap   total reserved 1048576K, committed 280576K, used 80038K [0x00000007c0000000, 0x0000000800000000)
  region size 1024K, 1 young (1024K), 1 survivors (1024K)
}
Event: 54.304 {heap Before GC invocations=494 (full 6):
 garbage-first heap   total reserved 1048576K, committed 280576K, used 246950K [0x00000007c0000000, 0x0000000800000000)
  region size 1024K, 164 young (167936K), 1 survivors (1024K)
}
Event: 54.305 {heap After GC invocations=495 (full 6):
 garbage-first heap   total reserved 1048576K, committed 280576K, used 80048K [0x00000007c0000000, 0x0000000800000000)
  region size 1024K, 1 young (1024K), 1 survivors (1024K)
}
Event: 54.406 {heap Before GC invocations=495 (full 6):
 garbage-first heap   total reserved 1048576K, committed 280576K, used 246960K [0x00000007c0000000, 0x0000000800000000)
  region size 1024K, 164 young (167936K), 1 survivors (1024K)
}
Event: 54.407 {heap After GC invocations=496 (full 6):
 garbage-first heap   total reserved 1048576K, committed 280576K, used 80050K [0x00000007c0000000, 0x0000000800000000)
  region size 1024K, 1 young (1024K), 1 survivors (1024K)
}
Event: 54.507 {heap Before GC invocations=496 (full 6):
 garbage-first heap   total reserved 1048576K, committed 280576K, used 246962K [0x00000007c0000000, 0x0000000800000000)
  region size 1024K, 164 young (167936K), 1 survivors (1024K)
}
Event: 54.507 {heap After GC invocations=497 (full 6):
 garbage-first heap   total reserved 1048576K, committed 280576K, used 80042K [0x00000007c0000000, 0x0000000800000000)
  region size 1024K, 1 young (1024K), 1 survivors (1024K)
}
Event: 54.609 {heap Before GC invocations=497 (full 6):
 garbage-first heap   total reserved 1048576K, committed 280576K, used 246954K [0x00000007c0000000, 0x0000000800000000)
  region size 1024K, 164 young (167936K), 1 survivors (1024K)
}
Event: 54.609 {heap After GC invocations=498 (full 6):
 garbage-first heap   total reserved 1048576K, committed 280576K, used 80044K [0x00000007c0000000, 0x0000000800000000)
  region size 1024K, 1 young (1024K), 1 survivors (1024K)
}
Event: 54.710 {heap Before GC invocations=498 (full 6):
 garbage-first heap   total reserved 1048576K, committed 280576K, used 246956K [0x00000007c0000000, 0x0000000800000000)
  region size 1024K, 164 young (167936K), 1 survivors (1024K)
}
Event: 54.711 {heap After GC invocations=499 (full 6):
 garbage-first heap   total reserved 1048576K, committed 280576K, used 80048K [0x00000007c0000000, 0x0000000800000000)
  region size 1024K, 1 young (1024K), 1 survivors (1024K)
}

