# JRE version: Java(TM) SE Runtime Environment (25.0.1+8) (build 25.0.1+8-LTS-27)
# Java VM: Java HotSpot(TM) 64-Bit Server VM (25.0.1+8-LTS-27, mixed mode, sharing, tiered, compressed oops, compressed class ptrs, g1 gc, bsd-aarch64)
GC Precious Log:
 CardTable entry size: 512
 Card Set container configuration: InlinePtr #cards 5 size 8 Array Of Cards #cards 10 size 36 Howl #buckets 4 coarsen threshold 1843 Howl Bitmap #cards 512 size 80 coarsen threshold 460 Card regions per heap region 1 cards per card region 2048
 CPUs: 10 total, 10 available
 Memory: 24576M
 Large Page Support: Disabled
 NUMA Support: Disabled
 Compressed Oops: Enabled (Zero based)
 Heap Region Size: 1M
 Heap Min Capacity: 8M
 Heap Initial Capacity: 384M
 Heap Max Capacity: 1G
 Pre-touch: Disabled
 Parallel Workers: 9
 Concurrent Workers: 2
 Concurrent Refinement Workers: 9
 Periodic GC: Disabled
Heap:
 garbage-first heap   total reserved 1048576K, committed 270336K, used 172214K [0x00000007c0000000, 0x0000000800000000)
  region size 1024K, 93 young (95232K), 1 survivors (1024K)
GC Heap Usage History (20 events):
Event: 2878.846 {heap Before GC invocations=1236 (full 20):
 garbage-first heap   total reserved 1048576K, committed 270336K, used 239800K [0x00000007c0000000, 0x0000000800000000)
  region size 1024K, 158 young (161792K), 1 survivors (1024K)
}
Event: 2878.846 {heap After GC invocations=1237 (full 20):
 garbage-first heap   total reserved 1048576K, committed 270336K, used 79032K [0x00000007c0000000, 0x0000000800000000)
  region size 1024K, 1 young (1024K), 1 survivors (1024K)
}
Event: 2878.962 {heap Before GC invocations=1237 (full 20):
 garbage-first heap   total reserved 1048576K, committed 270336K, used 239800K [0x00000007c0000000, 0x0000000800000000)
  region size 1024K, 158 young (161792K), 1 survivors (1024K)
}
Event: 2878.962 {heap After GC invocations=1238 (full 20):
 garbage-first heap   total reserved 1048576K, committed 270336K, used 79036K [0x00000007c0000000, 0x0000000800000000)
  region size 1024K, 1 young (1024K), 1 survivors (1024K)
}
Event: 2879.073 {heap Before GC invocations=1238 (full 20):
 garbage-first heap   total reserved 1048576K, committed 270336K, used 239804K [0x00000007c0000000, 0x0000000800000000)
  region size 1024K, 158 young (161792K), 1 survivors (1024K)
}
Event: 2879.074 {heap After GC invocations=1239 (full 20):
 garbage-first heap   total reserved 1048576K, committed 270336K, used 79022K [0x00000007c0000000, 0x0000000800000000)
  region size 1024K, 1 young (1024K), 1 survivors (1024K)
}
Event: 2879.186 {heap Before GC invocations=1239 (full 20):
 garbage-first heap   total reserved 1048576K, committed 270336K, used 239790K [0x00000007c0000000, 0x0000000800000000)
  region size 1024K, 158 young (161792K), 1 survivors (1024K)
}
Event: 2879.186 {heap After GC invocations=1240 (full 20):
 garbage-first heap   total reserved 1048576K, committed 270336K, used 79022K [0x00000007c0000000, 0x0000000800000000)
  region size 1024K, 1 young (1024K), 1 survivors (1024K)
}
Event: 2879.299 {heap Before GC invocations=1240 (full 20):
 garbage-first heap   total reserved 1048576K, committed 270336K, used 239790K [0x00000007c0000000, 0x0000000800000000)
  region size 1024K, 158 young (161792K), 1 survivors (1024K)
}
Event: 2879.299 {heap After GC invocations=1241 (full 20):
 garbage-first heap   total reserved 1048576K, committed 270336K, used 79028K [0x00000007c0000000, 0x0000000800000000)
  region size 1024K, 1 young (1024K), 1 survivors (1024K)
}
Event: 2879.407 {heap Before GC invocations=1241 (full 20):
 garbage-first heap   total reserved 1048576K, committed 270336K, used 239796K [0x00000007c0000000, 0x0000000800000000)
  region size 1024K, 158 young (161792K), 1 survivors (1024K)
}
Event: 2879.408 {heap After GC invocations=1242 (full 20):
 garbage-first heap   total reserved 1048576K, committed 270336K, used 79033K [0x00000007c0000000, 0x0000000800000000)
  region size 1024K, 1 young (1024K), 1 survivors (1024K)
}
Event: 2879.522 {heap Before GC invocations=1242 (full 20):
 garbage-first heap   total reserved 1048576K, committed 270336K, used 239801K [0x00000007c0000000, 0x0000000800000000)
  region size 1024K, 158 young (161792K), 1 survivors (1024K)
}
Event: 2879.522 {heap After GC invocations=1243 (full 20):
 garbage-first heap   total reserved 1048576K, committed 270336K, used 79040K [0x00000007c0000000, 0x0000000800000000)
  region size 1024K, 1 young (1024K), 1 survivors (1024K)
}
Event: 2879.633 {heap Before GC invocations=1243 (full 20):
 garbage-first heap   total reserved 1048576K, committed 270336K, used 239808K [0x00000007c0000000, 0x0000000800000000)
  region size 1024K, 158 young (161792K), 1 survivors (1024K)
}
Event: 2879.634 {heap After GC invocations=1244 (full 20):
 garbage-first heap   total reserved 1048576K, committed 270336K, used 79028K [0x00000007c0000000, 0x0000000800000000)
  region size 1024K, 1 young (1024K), 1 survivors (1024K)
}
Event: 2879.764 {heap Before GC invocations=1244 (full 20):
 garbage-first heap   total reserved 1048576K, committed 270336K, used 239796K [0x00000007c0000000, 0x0000000800000000)
  region size 1024K, 158 young (161792K), 1 survivors (1024K)
}
Event: 2879.764 {heap After GC invocations=1245 (full 20):
 garbage-first heap   total reserved 1048576K, committed 270336K, used 79046K [0x00000007c0000000, 0x0000000800000000)
  region size 1024K, 1 young (1024K), 1 survivors (1024K)
}
Event: 2879.921 {heap Before GC invocations=1245 (full 20):
 garbage-first heap   total reserved 1048576K, committed 270336K, used 239814K [0x00000007c0000000, 0x0000000800000000)
  region size 1024K, 158 young (161792K), 1 survivors (1024K)
}
Event: 2879.921 {heap After GC invocations=1246 (full 20):
 garbage-first heap   total reserved 1048576K, committed 270336K, used 79030K [0x00000007c0000000, 0x0000000800000000)
  region size 1024K, 1 young (1024K), 1 survivors (1024K)
}

